<?xml version="1.0" encoding="UTF-8"?>
<testsuite xmlns:xsi="http://www.w3.org/2001/XMLSchema-instance" xsi:noNamespaceSchemaLocation="https://maven.apache.org/surefire/maven-surefire-plugin/xsd/surefire-test-report.xsd" name="Group9.ContaMagicaTest" time="0.13" tests="18" errors="0" skipped="0" failures="0">
  <properties>
[...]
</properties>
  <testcase name="retiradaStatusIgual0Test" classname="Group9.ContaMagicaTest" time="0.042"/>
  <testcase name="SaldoMaior200000DepositoStatusJump" classname="Group9.ContaMagicaTest" time="0.001"/>
  <testcase name="retiradaSaldoMenosValorMenor25000StatusIgual1Test" classname="Group9.ContaMagicaTest" time="0.001"/>
  <testcase name="SaldoMenor50000Status0Deposito" classname="Group9.ContaMagicaTest" time="0"/>
  <testcase name="retiradaSaldoMenosValorMaiorIgual25000StatusIgual1Test" classname="Group9.ContaMagicaTest" time="0.001"/>
  <testcase name="retiradaSaldoMenosValorMaiorIgual100000StatusIgual2Test" classname="Group9.ContaMagicaTest" time="0.001"/>
  <testcase name="retiradaSaldoMenosValorMenor0Test" classname="Group9.ContaMagicaTest" time="0.003"/>
  <testcase name="valorMenor0Deposito" classname="Group9.ContaMagicaTest" time="0"/>
  <testcase name="retiradaSaldoMenosValorMenor100000StatusIgual2Test" classname="Group9.ContaMagicaTest" time="0"/>
  <testcase name="SaldoMaior200000Status1Deposito" classname="Group9.ContaMagicaTest" time="0.011"/>
  <testcase name="getSaldoTest" classname="Group9.ContaMagicaTest" time="0"/>
  <testcase name="getStatusTest" classname="Group9.ContaMagicaTest" time="0"/>
  <testcase name="SaldoMenor200000Satus1Deposito" classname="Group9.ContaMagicaTest" time="0"/>
  <testcase name="retiradaValorMenor0Test" classname="Group9.ContaMagicaTest" time="0"/>
  <testcase name="SaldoMaior50000Status0Deposito" classname="Group9.ContaMagicaTest" time="0.007"/>
  <testcase name="Status2Deposito" classname="Group9.ContaMagicaTest" time="0.002"/>
  <testcase name="ThrowInStatus1" classname="Group9.ContaMagicaTest" time="0.005"/>
  <testcase name="ThrowInStatus2" classname="Group9.ContaMagicaTest" time="0.002"/>
</testsuite>